# JRE version: Java(TM) SE Runtime Environment (8.0_65-b17) (build 1.8.0_65-b17)
# Java VM: Java HotSpot(TM) 64-Bit Server VM (25.65-b01 mixed mode windows-amd64 compressed oops)
Heap:
 PSYoungGen      total 37888K, used 23374K [0x00000000d6000000, 0x00000000d8a00000, 0x0000000100000000)
  eden space 32768K, 62% used [0x00000000d6000000,0x00000000d7415390,0x00000000d8000000)
  from space 5120K, 54% used [0x00000000d8500000,0x00000000d87be620,0x00000000d8a00000)
  to   space 5120K, 0% used [0x00000000d8000000,0x00000000d8000000,0x00000000d8500000)
 ParOldGen       total 86016K, used 18K [0x0000000082000000, 0x0000000087400000, 0x00000000d6000000)
  object space 86016K, 0% used [0x0000000082000000,0x0000000082004a00,0x0000000087400000)
 Metaspace       used 7789K, capacity 7992K, committed 8192K, reserved 1056768K
  class space    used 885K, capacity 960K, committed 1024K, reserved 1048576K
GC Heap History (4 events):
Event: 31.292 GC heap before
{Heap before GC invocations=1 (full 0):
 PSYoungGen      total 37888K, used 32768K [0x00000000d6000000, 0x00000000d8a00000, 0x0000000100000000)
  eden space 32768K, 100% used [0x00000000d6000000,0x00000000d8000000,0x00000000d8000000)
  from space 5120K, 0% used [0x00000000d8500000,0x00000000d8500000,0x00000000d8a00000)
  to   space 5120K, 0% used [0x00000000d8000000,0x00000000d8000000,0x00000000d8500000)
 ParOldGen       total 86016K, used 0K [0x0000000082000000, 0x0000000087400000, 0x00000000d6000000)
  object space 86016K, 0% used [0x0000000082000000,0x0000000082000018,0x0000000087400000)
 Metaspace       used 6202K, capacity 6338K, committed 6528K, reserved 1056768K
  class space    used 711K, capacity 793K, committed 896K, reserved 1048576K
Event: 31.299 GC heap after
Heap after GC invocations=1 (full 0):
 PSYoungGen      total 37888K, used 2697K [0x00000000d6000000, 0x00000000d8a00000, 0x0000000100000000)
  eden space 32768K, 0% used [0x00000000d6000000,0x00000000d6000000,0x00000000d8000000)
  from space 5120K, 52% used [0x00000000d8000000,0x00000000d82a25a8,0x00000000d8500000)
  to   space 5120K, 0% used [0x00000000d8500000,0x00000000d8500000,0x00000000d8a00000)
 ParOldGen       total 86016K, used 8K [0x0000000082000000, 0x0000000087400000, 0x00000000d6000000)
  object space 86016K, 0% used [0x0000000082000000,0x0000000082002018,0x0000000087400000)
 Metaspace       used 6202K, capacity 6338K, committed 6528K, reserved 1056768K
  class space    used 711K, capacity 793K, committed 896K, reserved 1048576K
}
Event: 78.623 GC heap before
{Heap before GC invocations=2 (full 0):
 PSYoungGen      total 37888K, used 35465K [0x00000000d6000000, 0x00000000d8a00000, 0x0000000100000000)
  eden space 32768K, 100% used [0x00000000d6000000,0x00000000d8000000,0x00000000d8000000)
  from space 5120K, 52% used [0x00000000d8000000,0x00000000d82a25a8,0x00000000d8500000)
  to   space 5120K, 0% used [0x00000000d8500000,0x00000000d8500000,0x00000000d8a00000)
 ParOldGen       total 86016K, used 10K [0x0000000082000000, 0x0000000087400000, 0x00000000d6000000)
  object space 86016K, 0% used [0x0000000082000000,0x0000000082002a00,0x0000000087400000)
 Metaspace       used 7743K, capacity 7928K, committed 8192K, reserved 1056768K
  class space    used 885K, capacity 960K, committed 1024K, reserved 1048576K
Event: 78.627 GC heap after
Heap after GC invocations=2 (full 0):
 PSYoungGen      total 37888K, used 2809K [0x00000000d6000000, 0x00000000d8a00000, 0x0000000100000000)
  eden space 32768K, 0% used [0x00000000d6000000,0x00000000d6000000,0x00000000d8000000)
  from space 5120K, 54% used [0x00000000d8500000,0x00000000d87be620,0x00000000d8a00000)
  to   space 5120K, 0% used [0x00000000d8000000,0x00000000d8000000,0x00000000d8500000)
 ParOldGen       total 86016K, used 18K [0x0000000082000000, 0x0000000087400000, 0x00000000d6000000)
  object space 86016K, 0% used [0x0000000082000000,0x0000000082004a00,0x0000000087400000)
 Metaspace       used 7743K, capacity 7928K, committed 8192K, reserved 1056768K
  class space    used 885K, capacity 960K, committed 1024K, reserved 1048576K
}

