# JRE version: Java(TM) SE Runtime Environment (8.0_65-b17) (build 1.8.0_65-b17)
# Java VM: Java HotSpot(TM) 64-Bit Server VM (25.65-b01 mixed mode windows-amd64 compressed oops)
Heap:
 PSYoungGen      total 34816K, used 7114K [0x00000000d6000000, 0x00000000d8580000, 0x0000000100000000)
  eden space 32256K, 15% used [0x00000000d6000000,0x00000000d64de128,0x00000000d7f80000)
  from space 2560K, 83% used [0x00000000d8000000,0x00000000d82148d8,0x00000000d8280000)
  to   space 3072K, 0% used [0x00000000d8280000,0x00000000d8280000,0x00000000d8580000)
 ParOldGen       total 86016K, used 40K [0x0000000082000000, 0x0000000087400000, 0x00000000d6000000)
  object space 86016K, 0% used [0x0000000082000000,0x000000008200a000,0x0000000087400000)
 Metaspace       used 7872K, capacity 8120K, committed 8192K, reserved 1056768K
  class space    used 886K, capacity 960K, committed 1024K, reserved 1048576K
GC Heap History (10 events):
Event: 2.485 GC heap before
{Heap before GC invocations=1 (full 0):
 PSYoungGen      total 37888K, used 32768K [0x00000000d6000000, 0x00000000d8a00000, 0x0000000100000000)
  eden space 32768K, 100% used [0x00000000d6000000,0x00000000d8000000,0x00000000d8000000)
  from space 5120K, 0% used [0x00000000d8500000,0x00000000d8500000,0x00000000d8a00000)
  to   space 5120K, 0% used [0x00000000d8000000,0x00000000d8000000,0x00000000d8500000)
 ParOldGen       total 86016K, used 0K [0x0000000082000000, 0x0000000087400000, 0x00000000d6000000)
  object space 86016K, 0% used [0x0000000082000000,0x0000000082000000,0x0000000087400000)
 Metaspace       used 4382K, capacity 5320K, committed 5504K, reserved 1056768K
  class space    used 510K, capacity 564K, committed 640K, reserved 1048576K
Event: 2.487 GC heap after
Heap after GC invocations=1 (full 0):
 PSYoungGen      total 37888K, used 1284K [0x00000000d6000000, 0x00000000d8a00000, 0x0000000100000000)
  eden space 32768K, 0% used [0x00000000d6000000,0x00000000d6000000,0x00000000d8000000)
  from space 5120K, 25% used [0x00000000d8000000,0x00000000d81413c8,0x00000000d8500000)
  to   space 5120K, 0% used [0x00000000d8500000,0x00000000d8500000,0x00000000d8a00000)
 ParOldGen       total 86016K, used 8K [0x0000000082000000, 0x0000000087400000, 0x00000000d6000000)
  object space 86016K, 0% used [0x0000000082000000,0x0000000082002000,0x0000000087400000)
 Metaspace       used 4382K, capacity 5320K, committed 5504K, reserved 1056768K
  class space    used 510K, capacity 564K, committed 640K, reserved 1048576K
}
Event: 8.823 GC heap before
{Heap before GC invocations=2 (full 0):
 PSYoungGen      total 37888K, used 34052K [0x00000000d6000000, 0x00000000d8a00000, 0x0000000100000000)
  eden space 32768K, 100% used [0x00000000d6000000,0x00000000d8000000,0x00000000d8000000)
  from space 5120K, 25% used [0x00000000d8000000,0x00000000d81413c8,0x00000000d8500000)
  to   space 5120K, 0% used [0x00000000d8500000,0x00000000d8500000,0x00000000d8a00000)
 ParOldGen       total 86016K, used 8K [0x0000000082000000, 0x0000000087400000, 0x00000000d6000000)
  object space 86016K, 0% used [0x0000000082000000,0x0000000082002000,0x0000000087400000)
 Metaspace       used 7722K, capacity 7928K, committed 8192K, reserved 1056768K
  class space    used 886K, capacity 960K, committed 1024K, reserved 1048576K
Event: 8.830 GC heap after
Heap after GC invocations=2 (full 0):
 PSYoungGen      total 37888K, used 3177K [0x00000000d6000000, 0x00000000d8a00000, 0x0000000100000000)
  eden space 32768K, 0% used [0x00000000d6000000,0x00000000d6000000,0x00000000d8000000)
  from space 5120K, 62% used [0x00000000d8500000,0x00000000d881a600,0x00000000d8a00000)
  to   space 5120K, 0% used [0x00000000d8000000,0x00000000d8000000,0x00000000d8500000)
 ParOldGen       total 86016K, used 16K [0x0000000082000000, 0x0000000087400000, 0x00000000d6000000)
  object space 86016K, 0% used [0x0000000082000000,0x0000000082004000,0x0000000087400000)
 Metaspace       used 7722K, capacity 7928K, committed 8192K, reserved 1056768K
  class space    used 886K, capacity 960K, committed 1024K, reserved 1048576K
}
Event: 18.451 GC heap before
{Heap before GC invocations=3 (full 0):
 PSYoungGen      total 37888K, used 35945K [0x00000000d6000000, 0x00000000d8a00000, 0x0000000100000000)
  eden space 32768K, 100% used [0x00000000d6000000,0x00000000d8000000,0x00000000d8000000)
  from space 5120K, 62% used [0x00000000d8500000,0x00000000d881a600,0x00000000d8a00000)
  to   space 5120K, 0% used [0x00000000d8000000,0x00000000d8000000,0x00000000d8500000)
 ParOldGen       total 86016K, used 16K [0x0000000082000000, 0x0000000087400000, 0x00000000d6000000)
  object space 86016K, 0% used [0x0000000082000000,0x0000000082004000,0x0000000087400000)
 Metaspace       used 7793K, capacity 8056K, committed 8192K, reserved 1056768K
  class space    used 886K, capacity 960K, committed 1024K, reserved 1048576K
Event: 18.454 GC heap after
Heap after GC invocations=3 (full 0):
 PSYoungGen      total 37888K, used 2082K [0x00000000d6000000, 0x00000000d8a00000, 0x0000000100000000)
  eden space 32768K, 0% used [0x00000000d6000000,0x00000000d6000000,0x00000000d8000000)
  from space 5120K, 40% used [0x00000000d8000000,0x00000000d82088e8,0x00000000d8500000)
  to   space 5120K, 0% used [0x00000000d8500000,0x00000000d8500000,0x00000000d8a00000)
 ParOldGen       total 86016K, used 24K [0x0000000082000000, 0x0000000087400000, 0x00000000d6000000)
  object space 86016K, 0% used [0x0000000082000000,0x0000000082006000,0x0000000087400000)
 Metaspace       used 7793K, capacity 8056K, committed 8192K, reserved 1056768K
  class space    used 886K, capacity 960K, committed 1024K, reserved 1048576K
}
Event: 29.959 GC heap before
{Heap before GC invocations=4 (full 0):
 PSYoungGen      total 37888K, used 34850K [0x00000000d6000000, 0x00000000d8a00000, 0x0000000100000000)
  eden space 32768K, 100% used [0x00000000d6000000,0x00000000d8000000,0x00000000d8000000)
  from space 5120K, 40% used [0x00000000d8000000,0x00000000d82088e8,0x00000000d8500000)
  to   space 5120K, 0% used [0x00000000d8500000,0x00000000d8500000,0x00000000d8a00000)
 ParOldGen       total 86016K, used 24K [0x0000000082000000, 0x0000000087400000, 0x00000000d6000000)
  object space 86016K, 0% used [0x0000000082000000,0x0000000082006000,0x0000000087400000)
 Metaspace       used 7856K, capacity 8056K, committed 8192K, reserved 1056768K
  class space    used 886K, capacity 960K, committed 1024K, reserved 1048576K
Event: 29.962 GC heap after
Heap after GC invocations=4 (full 0):
 PSYoungGen      total 37888K, used 2114K [0x00000000d6000000, 0x00000000d8a00000, 0x0000000100000000)
  eden space 32768K, 0% used [0x00000000d6000000,0x00000000d6000000,0x00000000d8000000)
  from space 5120K, 41% used [0x00000000d8500000,0x00000000d87108e8,0x00000000d8a00000)
  to   space 5120K, 0% used [0x00000000d8000000,0x00000000d8000000,0x00000000d8500000)
 ParOldGen       total 86016K, used 32K [0x0000000082000000, 0x0000000087400000, 0x00000000d6000000)
  object space 86016K, 0% used [0x0000000082000000,0x0000000082008000,0x0000000087400000)
 Metaspace       used 7856K, capacity 8056K, committed 8192K, reserved 1056768K
  class space    used 886K, capacity 960K, committed 1024K, reserved 1048576K
}
Event: 41.505 GC heap before
{Heap before GC invocations=5 (full 0):
 PSYoungGen      total 37888K, used 34882K [0x00000000d6000000, 0x00000000d8a00000, 0x0000000100000000)
  eden space 32768K, 100% used [0x00000000d6000000,0x00000000d8000000,0x00000000d8000000)
  from space 5120K, 41% used [0x00000000d8500000,0x00000000d87108e8,0x00000000d8a00000)
  to   space 5120K, 0% used [0x00000000d8000000,0x00000000d8000000,0x00000000d8500000)
 ParOldGen       total 86016K, used 32K [0x0000000082000000, 0x0000000087400000, 0x00000000d6000000)
  object space 86016K, 0% used [0x0000000082000000,0x0000000082008000,0x0000000087400000)
 Metaspace       used 7867K, capacity 8056K, committed 8192K, reserved 1056768K
  class space    used 886K, capacity 960K, committed 1024K, reserved 1048576K
Event: 41.508 GC heap after
Heap after GC invocations=5 (full 0):
 PSYoungGen      total 34816K, used 2130K [0x00000000d6000000, 0x00000000d8580000, 0x0000000100000000)
  eden space 32256K, 0% used [0x00000000d6000000,0x00000000d6000000,0x00000000d7f80000)
  from space 2560K, 83% used [0x00000000d8000000,0x00000000d82148d8,0x00000000d8280000)
  to   space 3072K, 0% used [0x00000000d8280000,0x00000000d8280000,0x00000000d8580000)
 ParOldGen       total 86016K, used 40K [0x0000000082000000, 0x0000000087400000, 0x00000000d6000000)
  object space 86016K, 0% used [0x0000000082000000,0x000000008200a000,0x0000000087400000)
 Metaspace       used 7867K, capacity 8056K, committed 8192K, reserved 1056768K
  class space    used 886K, capacity 960K, committed 1024K, reserved 1048576K
}

